<?xml version="1.0" encoding="UTF-8" standalone="no"?>
<!DOCTYPE log SYSTEM "logger.dtd">
<log>
<record>
  <date>2021-03-26T13:24:52</date>
  <millis>1616761492891</millis>
  <sequence>0</sequence>
  <logger>com.epam.ik.FileController</logger>
  <level>INFO</level>
  <class>com.epam.ik.FileController</class>
  <method>main</method>
  <thread>1</thread>
  <message>FileController has been started</message>
</record>
<record>
  <date>2021-03-26T13:24:53</date>
  <millis>1616761493037</millis>
  <sequence>1</sequence>
  <logger>com.epam.ik.FileController</logger>
  <level>INFO</level>
  <class>com.epam.ik.FileController</class>
  <method>main</method>
  <thread>1</thread>
  <message>Config has been read</message>
</record>
<record>
  <date>2021-03-26T13:24:53</date>
  <millis>1616761493039</millis>
  <sequence>2</sequence>
  <logger>com.epam.ik.FileController</logger>
  <level>WARNING</level>
  <class>com.epam.ik.FileController</class>
  <method>renameFile</method>
  <thread>1</thread>
  <message>Renaming process started</message>
</record>
<record>
  <date>2021-03-26T13:24:53</date>
  <millis>1616761493042</millis>
  <sequence>3</sequence>
  <logger>com.epam.ik.FileController</logger>
  <level>WARNING</level>
  <class>com.epam.ik.FileController</class>
  <method>renameFile</method>
  <thread>1</thread>
  <message>Renaming process started</message>
</record>
<record>
  <date>2021-03-26T13:24:53</date>
  <millis>1616761493043</millis>
  <sequence>4</sequence>
  <logger>com.epam.ik.FileController</logger>
  <level>WARNING</level>
  <class>com.epam.ik.FileController</class>
  <method>renameFile</method>
  <thread>1</thread>
  <message>Renaming process started</message>
</record>
<record>
  <date>2021-03-26T13:24:53</date>
  <millis>1616761493045</millis>
  <sequence>5</sequence>
  <logger>com.epam.ik.FileController</logger>
  <level>WARNING</level>
  <class>com.epam.ik.FileController</class>
  <method>main</method>
  <thread>1</thread>
  <message>Renaming process finished</message>
</record>
<record>
  <date>2021-03-26T13:24:53</date>
  <millis>1616761493045</millis>
  <sequence>6</sequence>
  <logger>com.epam.ik.FileController</logger>
  <level>INFO</level>
  <class>com.epam.ik.FileController</class>
  <method>main</method>
  <thread>1</thread>
  <message>FileController has been finished correctly</message>
</record>
</log>
<?xml version="1.0" encoding="UTF-8" standalone="no"?>
<!DOCTYPE log SYSTEM "logger.dtd">
<log>
<record>
  <date>2021-03-26T13:27:07</date>
  <millis>1616761627665</millis>
  <sequence>0</sequence>
  <logger>com.epam.ik.FileController</logger>
  <level>INFO</level>
  <class>com.epam.ik.FileController</class>
  <method>main</method>
  <thread>1</thread>
  <message>FileController has been started</message>
</record>
<record>
  <date>2021-03-26T13:27:07</date>
  <millis>1616761627868</millis>
  <sequence>1</sequence>
  <logger>com.epam.ik.FileController</logger>
  <level>INFO</level>
  <class>com.epam.ik.FileController</class>
  <method>main</method>
  <thread>1</thread>
  <message>Config has been read</message>
</record>
<record>
  <date>2021-03-26T13:27:07</date>
  <millis>1616761627882</millis>
  <sequence>2</sequence>
  <logger>com.epam.ik.FileController</logger>
  <level>WARNING</level>
  <class>com.epam.ik.FileController</class>
  <method>renameFile</method>
  <thread>1</thread>
  <message>Renaming process started</message>
</record>
<record>
  <date>2021-03-26T13:27:07</date>
  <millis>1616761627883</millis>
  <sequence>3</sequence>
  <logger>com.epam.ik.FileController</logger>
  <level>SEVERE</level>
  <class>com.epam.ik.FileController</class>
  <method>main</method>
  <thread>1</thread>
  <message>IO exception</message>
</record>
</log>
<?xml version="1.0" encoding="UTF-8" standalone="no"?>
<!DOCTYPE log SYSTEM "logger.dtd">
<log>
<record>
  <date>2021-03-26T13:33:00</date>
  <millis>1616761980030</millis>
  <sequence>0</sequence>
  <logger>com.epam.ik.FileController</logger>
  <level>INFO</level>
  <class>com.epam.ik.FileController</class>
  <method>main</method>
  <thread>1</thread>
  <message>FileController has been started</message>
</record>
<record>
  <date>2021-03-26T13:33:00</date>
  <millis>1616761980210</millis>
  <sequence>1</sequence>
  <logger>com.epam.ik.FileController</logger>
  <level>INFO</level>
  <class>com.epam.ik.FileController</class>
  <method>main</method>
  <thread>1</thread>
  <message>Config has been read</message>
</record>
<record>
  <date>2021-03-26T13:33:00</date>
  <millis>1616761980213</millis>
  <sequence>2</sequence>
  <logger>com.epam.ik.FileController</logger>
  <level>WARNING</level>
  <class>com.epam.ik.FileController</class>
  <method>renameFile</method>
  <thread>1</thread>
  <message>The renaming process has begun</message>
</record>
<record>
  <date>2021-03-26T13:33:00</date>
  <millis>1616761980215</millis>
  <sequence>3</sequence>
  <logger>com.epam.ik.FileController</logger>
  <level>SEVERE</level>
  <class>com.epam.ik.FileController</class>
  <method>main</method>
  <thread>1</thread>
  <message>IO exception</message>
</record>
</log>
<?xml version="1.0" encoding="UTF-8" standalone="no"?>
<!DOCTYPE log SYSTEM "logger.dtd">
<log>
<record>
  <date>2021-03-26T13:33:17</date>
  <millis>1616761997695</millis>
  <sequence>0</sequence>
  <logger>com.epam.ik.FileController</logger>
  <level>INFO</level>
  <class>com.epam.ik.FileController</class>
  <method>main</method>
  <thread>1</thread>
  <message>FileController has been started</message>
</record>
<record>
  <date>2021-03-26T13:33:17</date>
  <millis>1616761997987</millis>
  <sequence>1</sequence>
  <logger>com.epam.ik.FileController</logger>
  <level>INFO</level>
  <class>com.epam.ik.FileController</class>
  <method>main</method>
  <thread>1</thread>
  <message>Config has been read</message>
</record>
<record>
  <date>2021-03-26T13:33:17</date>
  <millis>1616761997989</millis>
  <sequence>2</sequence>
  <logger>com.epam.ik.FileController</logger>
  <level>WARNING</level>
  <class>com.epam.ik.FileController</class>
  <method>renameFile</method>
  <thread>1</thread>
  <message>The renaming process has begun</message>
</record>
<record>
  <date>2021-03-26T13:33:17</date>
  <millis>1616761997990</millis>
  <sequence>3</sequence>
  <logger>com.epam.ik.FileController</logger>
  <level>SEVERE</level>
  <class>com.epam.ik.FileController</class>
  <method>main</method>
  <thread>1</thread>
  <message>IO exception</message>
</record>
</log>
